TN:
SF:src\db\prisma.ts
FNF:1
FNH:1
DA:1,46
DA:3,32
DA:5,21
LF:5
LH:3
end_of_record
TN:
SF:src\services\bitdefender.service.ts
FNF:22
FNH:21
DA:1,78
DA:2,58
DA:3,90
DA:13,1
DA:15,63
DA:16,106
DA:17,118
DA:18,50
DA:19,82
DA:20,68
DA:21,17
DA:24,42
DA:25,134
DA:26,86
DA:27,8
DA:28,90
DA:29,42
DA:30,56
DA:31,34
DA:32,8
DA:33,74
DA:34,59
DA:37,28
DA:38,144
DA:39,64
DA:40,8
DA:41,90
DA:42,42
DA:43,56
DA:44,34
DA:45,8
DA:46,74
DA:47,71
DA:50,49
DA:51,102
DA:52,52
DA:53,79
DA:54,126
DA:55,76
DA:56,79
DA:57,120
DA:58,134
DA:59,90
DA:60,9
DA:61,3
DA:62,53
DA:65,39
DA:66,124
DA:67,48
DA:68,32
DA:69,8
DA:71,90
DA:72,42
DA:73,56
DA:74,34
DA:75,8
DA:76,80
DA:78,135
DA:79,124
DA:80,52
DA:81,42
DA:82,20
DA:83,8
DA:84,98
DA:85,46
DA:86,60
DA:87,38
DA:88,8
DA:89,90
DA:90,134
DA:91,3
DA:92,77
DA:95,22
DA:96,85
DA:98,128
DA:99,70
DA:100,8
DA:101,102
DA:102,42
DA:103,56
DA:104,34
DA:105,8
DA:106,74
DA:107,103
DA:108,91
DA:111,27
DA:112,208
DA:114,96
DA:115,39
DA:116,57
DA:117,21
DA:118,3
DA:119,116
DA:120,58
DA:121,70
DA:122,106
DA:123,94
DA:124,45
DA:127,30
DA:128,84
DA:129,126
DA:130,132
DA:131,128
DA:132,46
DA:135,0
DA:136,0
DA:137,89
DA:141,43
DA:142,74
DA:143,86
DA:146,31
DA:147,122
DA:148,70
DA:149,36
DA:152,56
DA:153,52
DA:154,42
DA:155,26
DA:156,38
DA:157,18
DA:158,6
DA:159,72
DA:161,2
DA:163,67
LF:164
LH:122
end_of_record
TN:
SF:src\services\milvus.service.ts
FNF:14
FNH:8
DA:1,138
DA:6,1
DA:8,27
DA:9,38
DA:10,50
DA:11,82
DA:12,54
DA:13,0
DA:14,0
DA:15,0
DA:16,0
DA:17,0
DA:18,0
DA:19,0
DA:20,0
DA:21,0
DA:22,0
DA:23,0
DA:24,0
DA:25,0
DA:26,0
DA:27,0
DA:28,0
DA:29,0
DA:30,0
DA:31,0
DA:32,0
DA:33,0
DA:34,0
DA:35,0
DA:36,0
DA:37,0
DA:38,0
DA:39,0
DA:40,0
DA:41,0
DA:42,0
DA:43,0
DA:44,0
DA:45,0
DA:46,0
DA:47,0
DA:48,0
DA:49,0
DA:50,0
DA:51,0
DA:52,0
DA:53,0
DA:54,0
DA:55,0
DA:56,0
DA:57,0
DA:58,0
DA:59,0
DA:60,0
DA:61,0
DA:62,0
DA:63,0
DA:64,0
DA:65,0
DA:66,0
DA:67,0
DA:68,0
DA:69,0
DA:70,0
DA:71,0
DA:72,0
DA:73,0
DA:74,0
DA:75,0
DA:76,0
DA:77,0
DA:78,0
DA:79,0
DA:80,0
DA:81,0
DA:82,41
DA:85,36
DA:86,106
DA:87,6
DA:88,16
DA:89,6
DA:90,120
DA:91,143
DA:92,69
DA:93,64
DA:94,61
DA:95,2
DA:96,30
DA:99,62
DA:100,88
DA:101,54
DA:102,130
DA:103,118
DA:104,8
DA:105,30
DA:106,212
DA:107,80
DA:108,42
DA:109,56
DA:110,34
DA:111,8
DA:112,62
DA:115,37
DA:116,119
DA:117,40
DA:118,60
DA:119,104
DA:120,112
DA:121,60
DA:122,56
DA:123,80
DA:124,60
DA:125,84
DA:126,80
DA:127,84
DA:128,72
DA:129,56
DA:130,56
DA:131,52
DA:132,60
DA:133,76
DA:134,92
DA:135,64
DA:136,76
DA:137,108
DA:138,104
DA:139,148
DA:140,130
DA:141,120
DA:142,9
DA:144,59
DA:147,36
DA:148,96
DA:149,78
DA:151,2
DA:153,57
LF:154
LH:68
end_of_record
TN:
SF:src\sources\source.facade.ts
FNF:14
FNH:7
DA:1,66
DA:2,128
DA:3,108
DA:4,120
DA:5,52
DA:13,1
DA:15,21
DA:16,110
DA:17,130
DA:18,136
DA:20,104
DA:21,42
DA:22,42
DA:23,6
DA:24,0
DA:25,0
DA:26,0
DA:27,0
DA:28,0
DA:29,0
DA:30,0
DA:31,0
DA:32,0
DA:33,0
DA:34,0
DA:35,0
DA:36,0
DA:37,0
DA:38,0
DA:39,0
DA:40,0
DA:41,0
DA:42,0
DA:43,0
DA:44,0
DA:45,0
DA:46,0
DA:47,0
DA:48,0
DA:49,0
DA:50,0
DA:51,0
DA:52,0
DA:53,0
DA:54,0
DA:55,0
DA:56,0
DA:57,0
DA:58,0
DA:59,0
DA:60,0
DA:61,0
DA:62,0
DA:63,0
DA:64,0
DA:65,0
DA:66,0
DA:67,0
DA:68,0
DA:69,0
DA:70,0
DA:71,0
DA:72,0
DA:73,0
DA:74,0
DA:75,0
DA:76,0
DA:77,0
DA:78,0
DA:79,0
DA:80,0
DA:81,0
DA:82,0
DA:83,0
DA:84,0
DA:85,0
DA:86,0
DA:87,0
DA:88,0
DA:89,0
DA:90,0
DA:91,0
DA:92,0
DA:93,0
DA:94,0
DA:95,0
DA:96,0
DA:97,0
DA:98,0
DA:99,0
DA:100,0
DA:101,0
DA:102,0
DA:103,0
DA:104,0
DA:105,0
DA:106,0
DA:107,0
DA:108,0
DA:109,0
DA:110,0
DA:111,0
DA:112,0
DA:113,0
DA:114,0
DA:115,0
DA:116,0
DA:117,0
DA:118,0
DA:119,0
DA:120,0
DA:121,0
DA:122,0
DA:123,0
DA:124,0
DA:125,0
DA:126,0
DA:127,0
DA:128,0
DA:129,0
DA:130,0
DA:131,0
DA:132,0
DA:133,0
DA:134,0
DA:135,0
DA:136,0
DA:137,0
DA:138,0
DA:139,0
DA:140,0
DA:141,0
DA:142,0
DA:143,0
DA:144,0
DA:145,0
DA:146,0
DA:147,0
DA:148,0
DA:149,0
DA:150,0
DA:151,0
DA:152,0
DA:153,0
DA:154,0
DA:155,0
DA:156,0
DA:157,0
DA:158,0
DA:159,0
DA:160,0
DA:161,0
DA:162,0
DA:163,0
DA:164,0
DA:165,0
DA:166,0
DA:167,0
DA:168,0
DA:169,0
DA:170,69
DA:173,35
DA:174,136
DA:175,82
DA:177,150
DA:178,90
DA:179,0
DA:180,0
DA:181,0
DA:182,0
DA:183,0
DA:184,0
DA:185,0
DA:186,0
DA:187,0
DA:188,35
DA:191,39
DA:192,65
DA:193,102
DA:194,140
DA:195,16
DA:196,6
DA:197,116
DA:198,34
DA:199,26
DA:200,116
DA:201,2
DA:202,12
DA:203,15
DA:206,19
DA:207,24
DA:208,21
DA:209,4
DA:210,75
DA:211,118
DA:212,36
DA:213,120
DA:214,14
DA:215,8
DA:216,98
DA:217,66
DA:218,38
DA:219,54
DA:220,48
DA:221,76
DA:222,150
DA:223,60
DA:224,56
DA:225,52
DA:226,20
DA:227,38
DA:228,54
DA:229,48
DA:230,76
DA:231,140
DA:232,32
DA:233,60
DA:234,56
DA:235,64
DA:236,46
DA:237,46
DA:238,52
DA:239,54
DA:240,26
DA:241,22
DA:242,18
DA:243,14
DA:244,14
DA:245,0
DA:246,0
DA:247,0
DA:248,0
DA:249,0
DA:250,0
DA:251,0
DA:252,0
DA:253,0
DA:254,0
DA:255,0
DA:256,0
DA:257,0
DA:258,0
DA:259,0
DA:260,0
DA:261,0
DA:262,0
DA:263,0
DA:264,0
DA:265,0
DA:266,0
DA:267,0
DA:268,0
DA:269,0
DA:270,0
DA:271,0
DA:272,0
DA:273,0
DA:274,0
DA:275,0
DA:276,0
DA:277,0
DA:278,0
DA:279,0
DA:280,0
DA:281,0
DA:282,0
DA:283,34
DA:285,2
DA:287,55
LF:288
LH:76
end_of_record
TN:
SF:src\utils\cleanNumericString.ts
FNF:1
FNH:1
DA:1,21
DA:2,41
LF:3
LH:2
end_of_record
TN:
SF:src\utils\dateUtils.ts
FNF:2
FNH:2
DA:1,10
DA:2,31
DA:3,78
DA:4,41
DA:7,10
DA:8,31
DA:9,23
DA:10,27
DA:11,28
DA:12,1
DA:13,3
DA:14,40
LF:16
LH:12
end_of_record
